{"numFailedTestSuites":0,"numFailedTests":0,"numPassedTestSuites":12,"numPassedTests":68,"numPendingTestSuites":0,"numPendingTests":0,"numRuntimeErrorTestSuites":0,"numTodoTests":0,"numTotalTestSuites":12,"numTotalTests":68,"openHandles":[],"snapshot":{"added":0,"didUpdate":false,"failure":false,"filesAdded":0,"filesRemoved":0,"filesRemovedList":[],"filesUnmatched":0,"filesUpdated":0,"matched":0,"total":0,"unchecked":0,"uncheckedKeysByFile":[],"unmatched":0,"updated":0},"startTime":1776548506382,"success":true,"testResults":[{"assertionResults":[{"ancestorTitles":["OCR preprocessing pipeline (OCR_PREPROCESS=true)"],"duration":57823,"failing":false,"failureDetails":[],"failureMessages":[],"fullName":"OCR preprocessing pipeline (OCR_PREPROCESS=true) runs preprocess path that improves OCR word count versus raw JPEG OCR on retail fixtures","invocations":1,"location":null,"numPassingAsserts":8,"retryReasons":[],"startAt":1776548507270,"status":"passed","title":"runs preprocess path that improves OCR word count versus raw JPEG OCR on retail fixtures"},{"ancestorTitles":["OCR preprocessing pipeline (OCR_PREPROCESS=true)"],"duration":274,"failing":false,"failureDetails":[],"failureMessages":[],"fullName":"OCR preprocessing pipeline (OCR_PREPROCESS=true) handles malformed JPEG headers without unhandled exceptions","invocations":1,"location":null,"numPassingAsserts":2,"retryReasons":[],"startAt":1776548565101,"status":"passed","title":"handles malformed JPEG headers without unhandled exceptions"},{"ancestorTitles":["OCR preprocessing pipeline (OCR_PREPROCESS=true)"],"duration":687,"failing":false,"failureDetails":[],"failureMessages":[],"fullName":"OCR preprocessing pipeline (OCR_PREPROCESS=true) BUG: returns a conservative verdict (not crash) for very small 10x10 images","invocations":1,"location":null,"numPassingAsserts":2,"retryReasons":[],"startAt":1776548565376,"status":"passed","title":"BUG: returns a conservative verdict (not crash) for very small 10x10 images"}],"endTime":1776548566065,"message":"","name":"C:\\Users\\Aditya\\Desktop\\Reality Shift\\snapon_lense\\shelvesense-server\\tests\\server\\ocr-preprocess.integration.test.ts","startTime":1776548506741,"status":"passed","summary":""},{"assertionResults":[{"ancestorTitles":["POST /api/analyze-label integration"],"duration":1075,"failing":false,"failureDetails":[],"failureMessages":[],"fullName":"POST /api/analyze-label integration accepts multipart allergen fixture and returns Avoid for peanut allergy profile","invocations":1,"location":null,"numPassingAsserts":4,"retryReasons":[],"startAt":1776548566199,"status":"passed","title":"accepts multipart allergen fixture and returns Avoid for peanut allergy profile"},{"ancestorTitles":["POST /api/analyze-label integration"],"duration":1209,"failing":false,"failureDetails":[],"failureMessages":[],"fullName":"POST /api/analyze-label integration returns Safe for healthy synthetic label with relaxed profile","invocations":1,"location":null,"numPassingAsserts":2,"retryReasons":[],"startAt":1776548567275,"status":"passed","title":"returns Safe for healthy synthetic label with relaxed profile"},{"ancestorTitles":["POST /api/analyze-label integration"],"duration":1129,"failing":false,"failureDetails":[],"failureMessages":[],"fullName":"POST /api/analyze-label integration never returns Safe for high sodium+sugar fixture under sodium/sugar-sensitive profile","invocations":1,"location":null,"numPassingAsserts":3,"retryReasons":[],"startAt":1776548568485,"status":"passed","title":"never returns Safe for high sodium+sugar fixture under sodium/sugar-sensitive profile"},{"ancestorTitles":["POST /api/analyze-label integration"],"duration":5568,"failing":false,"failureDetails":[],"failureMessages":[],"fullName":"POST /api/analyze-label integration handles blurry real shelf image without crashing and returns a conservative verdict with reason","invocations":1,"location":null,"numPassingAsserts":4,"retryReasons":[],"startAt":1776548569615,"status":"passed","title":"handles blurry real shelf image without crashing and returns a conservative verdict with reason"},{"ancestorTitles":["POST /api/analyze-label integration"],"duration":7993,"failing":false,"failureDetails":[],"failureMessages":[],"fullName":"POST /api/analyze-label integration handles dashcam-motion real image on low-confidence path without returning Safe","invocations":1,"location":null,"numPassingAsserts":5,"retryReasons":[],"startAt":1776548575183,"status":"passed","title":"handles dashcam-motion real image on low-confidence path without returning Safe"},{"ancestorTitles":["POST /api/analyze-label integration"],"duration":186,"failing":false,"failureDetails":[],"failureMessages":[],"fullName":"POST /api/analyze-label integration rejects zero-byte JSON body with a structured 400-level error instead of crashing","invocations":1,"location":null,"numPassingAsserts":3,"retryReasons":[],"startAt":1776548583177,"status":"passed","title":"rejects zero-byte JSON body with a structured 400-level error instead of crashing"},{"ancestorTitles":["POST /api/analyze-label integration"],"duration":602,"failing":false,"failureDetails":[],"failureMessages":[],"fullName":"POST /api/analyze-label integration handles PNG bytes renamed as .jpg without unhandled Sharp/Tesseract exceptions","invocations":1,"location":null,"numPassingAsserts":3,"retryReasons":[],"startAt":1776548583364,"status":"passed","title":"handles PNG bytes renamed as .jpg without unhandled Sharp/Tesseract exceptions"},{"ancestorTitles":["POST /api/analyze-label integration"],"duration":231,"failing":false,"failureDetails":[],"failureMessages":[],"fullName":"POST /api/analyze-label integration returns structured non-500 response for base64 that decodes to random non-image bytes","invocations":1,"location":null,"numPassingAsserts":2,"retryReasons":[],"startAt":1776548583967,"status":"passed","title":"returns structured non-500 response for base64 that decodes to random non-image bytes"},{"ancestorTitles":["POST /api/analyze-label integration"],"duration":216,"failing":false,"failureDetails":[],"failureMessages":[],"fullName":"POST /api/analyze-label integration rejects oversized multipart uploads based on SHELFSENSE_MAX_IMAGE_BYTES","invocations":1,"location":null,"numPassingAsserts":2,"retryReasons":[],"startAt":1776548584199,"status":"passed","title":"rejects oversized multipart uploads based on SHELFSENSE_MAX_IMAGE_BYTES"},{"ancestorTitles":["POST /api/analyze-label integration"],"duration":196,"failing":false,"failureDetails":[],"failureMessages":[],"fullName":"POST /api/analyze-label integration rejects empty imageBase64 with a human-readable 400 validation error","invocations":1,"location":null,"numPassingAsserts":3,"retryReasons":[],"startAt":1776548584420,"status":"passed","title":"rejects empty imageBase64 with a human-readable 400 validation error"},{"ancestorTitles":["POST /api/analyze-label integration"],"duration":1118,"failing":false,"failureDetails":[],"failureMessages":[],"fullName":"POST /api/analyze-label integration BUG: missing healthProfile should use a permissive default profile and still return a verdict","invocations":1,"location":null,"numPassingAsserts":2,"retryReasons":[],"startAt":1776548584616,"status":"passed","title":"BUG: missing healthProfile should use a permissive default profile and still return a verdict"},{"ancestorTitles":["POST /api/analyze-label integration"],"duration":1963,"failing":false,"failureDetails":[],"failureMessages":[],"fullName":"POST /api/analyze-label integration keeps sessions isolated so strict verdicts in one session do not leak into a different session","invocations":1,"location":null,"numPassingAsserts":4,"retryReasons":[],"startAt":1776548585735,"status":"passed","title":"keeps sessions isolated so strict verdicts in one session do not leak into a different session"},{"ancestorTitles":["POST /api/analyze-label integration"],"duration":1980,"failing":false,"failureDetails":[],"failureMessages":[],"fullName":"POST /api/analyze-label integration produces equivalent verdicts for JSON-body and multipart-body paths on the same fixture","invocations":1,"location":null,"numPassingAsserts":3,"retryReasons":[],"startAt":1776548587699,"status":"passed","title":"produces equivalent verdicts for JSON-body and multipart-body paths on the same fixture"},{"ancestorTitles":["POST /api/analyze-label integration"],"duration":2251,"failing":false,"failureDetails":[],"failureMessages":[],"fullName":"POST /api/analyze-label integration returns Avoid for real allergen_peanut_butter fixture under peanut allergy profile","invocations":1,"location":null,"numPassingAsserts":2,"retryReasons":[],"startAt":1776548589680,"status":"passed","title":"returns Avoid for real allergen_peanut_butter fixture under peanut allergy profile"}],"endTime":1776548591934,"message":"","name":"C:\\Users\\Aditya\\Desktop\\Reality Shift\\snapon_lense\\shelvesense-server\\tests\\server\\analyze-label.integration.test.ts","startTime":1776548566078,"status":"passed","summary":""},{"assertionResults":[{"ancestorTitles":["Regression contracts from verify scripts"],"duration":1170,"failing":false,"failureDetails":[],"failureMessages":[],"fullName":"Regression contracts from verify scripts regression fixture: label-healthy.jpg -> verdict Safe","invocations":1,"location":null,"numPassingAsserts":2,"retryReasons":[],"startAt":1776548592064,"status":"passed","title":"regression fixture: label-healthy.jpg -> verdict Safe"},{"ancestorTitles":["Regression contracts from verify scripts"],"duration":1084,"failing":false,"failureDetails":[],"failureMessages":[],"fullName":"Regression contracts from verify scripts regression fixture: label-high-sodium-sugar.jpg -> verdict Caution or Avoid","invocations":1,"location":null,"numPassingAsserts":2,"retryReasons":[],"startAt":1776548593235,"status":"passed","title":"regression fixture: label-high-sodium-sugar.jpg -> verdict Caution or Avoid"},{"ancestorTitles":["Regression contracts from verify scripts"],"duration":1111,"failing":false,"failureDetails":[],"failureMessages":[],"fullName":"Regression contracts from verify scripts regression fixture: label-allergen-peanut.jpg with peanut allergy -> verdict Avoid","invocations":1,"location":null,"numPassingAsserts":2,"retryReasons":[],"startAt":1776548594320,"status":"passed","title":"regression fixture: label-allergen-peanut.jpg with peanut allergy -> verdict Avoid"},{"ancestorTitles":["Regression contracts from verify scripts"],"duration":2113,"failing":false,"failureDetails":[],"failureMessages":[],"fullName":"Regression contracts from verify scripts regression fixture: allergen_peanut_butter.jpg (real) with peanut allergy -> verdict Avoid","invocations":1,"location":null,"numPassingAsserts":2,"retryReasons":[],"startAt":1776548595432,"status":"passed","title":"regression fixture: allergen_peanut_butter.jpg (real) with peanut allergy -> verdict Avoid"},{"ancestorTitles":["Regression contracts from verify scripts"],"duration":5477,"failing":false,"failureDetails":[],"failureMessages":[],"fullName":"Regression contracts from verify scripts regression fixture: shelf_blurry_angle.jpg (real) -> verdict Caution","invocations":1,"location":null,"numPassingAsserts":2,"retryReasons":[],"startAt":1776548597546,"status":"passed","title":"regression fixture: shelf_blurry_angle.jpg (real) -> verdict Caution"},{"ancestorTitles":["Regression contracts from verify scripts"],"duration":7947,"failing":false,"failureDetails":[],"failureMessages":[],"fullName":"Regression contracts from verify scripts regression fixture: dashcam_retail_motion.jpg (real) -> verdict Caution","invocations":1,"location":null,"numPassingAsserts":2,"retryReasons":[],"startAt":1776548603023,"status":"passed","title":"regression fixture: dashcam_retail_motion.jpg (real) -> verdict Caution"}],"endTime":1776548610972,"message":"","name":"C:\\Users\\Aditya\\Desktop\\Reality Shift\\snapon_lense\\shelvesense-server\\tests\\server\\regression-fixtures.integration.test.ts","startTime":1776548591949,"status":"passed","summary":""},{"assertionResults":[{"ancestorTitles":["POST /api/profile/parse integration"],"duration":198,"failing":false,"failureDetails":[],"failureMessages":[],"fullName":"POST /api/profile/parse integration BUG: parses clinical markers and diet/allergy signals into a structured profile","invocations":1,"location":null,"numPassingAsserts":4,"retryReasons":[],"startAt":1776548611119,"status":"passed","title":"BUG: parses clinical markers and diet/allergy signals into a structured profile"},{"ancestorTitles":["POST /api/profile/parse integration"],"duration":205,"failing":false,"failureDetails":[],"failureMessages":[],"fullName":"POST /api/profile/parse integration BUG: accepts empty rawText with a graceful default/empty profile instead of failing","invocations":1,"location":null,"numPassingAsserts":2,"retryReasons":[],"startAt":1776548611319,"status":"passed","title":"BUG: accepts empty rawText with a graceful default/empty profile instead of failing"},{"ancestorTitles":["POST /api/profile/parse integration"],"duration":227,"failing":false,"failureDetails":[],"failureMessages":[],"fullName":"POST /api/profile/parse integration rejects null rawText with a structured 400","invocations":1,"location":null,"numPassingAsserts":2,"retryReasons":[],"startAt":1776548611526,"status":"passed","title":"rejects null rawText with a structured 400"},{"ancestorTitles":["POST /api/profile/parse integration"],"duration":212,"failing":false,"failureDetails":[],"failureMessages":[],"fullName":"POST /api/profile/parse integration rejects missing rawText with a structured 400","invocations":1,"location":null,"numPassingAsserts":2,"retryReasons":[],"startAt":1776548611761,"status":"passed","title":"rejects missing rawText with a structured 400"},{"ancestorTitles":["POST /api/profile/parse integration"],"duration":163,"failing":false,"failureDetails":[],"failureMessages":[],"fullName":"POST /api/profile/parse integration treats whitespace-only rawText as a graceful empty parse response","invocations":1,"location":null,"numPassingAsserts":2,"retryReasons":[],"startAt":1776548611974,"status":"passed","title":"treats whitespace-only rawText as a graceful empty parse response"},{"ancestorTitles":["POST /api/profile/parse integration"],"duration":172,"failing":false,"failureDetails":[],"failureMessages":[],"fullName":"POST /api/profile/parse integration handles very long rawText (>50KB) without timeout or parser crash","invocations":1,"location":null,"numPassingAsserts":2,"retryReasons":[],"startAt":1776548612138,"status":"passed","title":"handles very long rawText (>50KB) without timeout or parser crash"},{"ancestorTitles":["POST /api/profile/parse integration"],"duration":1021,"failing":false,"failureDetails":[],"failureMessages":[],"fullName":"POST /api/profile/parse integration BUG: applies stored profile on same session analyze-label call even when healthProfile is omitted","invocations":1,"location":null,"numPassingAsserts":3,"retryReasons":[],"startAt":1776548612311,"status":"passed","title":"BUG: applies stored profile on same session analyze-label call even when healthProfile is omitted"},{"ancestorTitles":["POST /api/profile/parse integration"],"duration":1877,"failing":false,"failureDetails":[],"failureMessages":[],"fullName":"POST /api/profile/parse integration keeps parse and analyze independent across sessions for explicit profiles","invocations":1,"location":null,"numPassingAsserts":5,"retryReasons":[],"startAt":1776548613333,"status":"passed","title":"keeps parse and analyze independent across sessions for explicit profiles"}],"endTime":1776548615212,"message":"","name":"C:\\Users\\Aditya\\Desktop\\Reality Shift\\snapon_lense\\shelvesense-server\\tests\\server\\profile-parse.integration.test.ts","startTime":1776548610995,"status":"passed","summary":""},{"assertionResults":[{"ancestorTitles":["Additional smoke coverage for non-primary API paths"],"duration":286,"failing":false,"failureDetails":[],"failureMessages":[],"fullName":"Additional smoke coverage for non-primary API paths smoke: GET /health returns backend heartbeat","invocations":1,"location":null,"numPassingAsserts":2,"retryReasons":[],"startAt":1776548615341,"status":"passed","title":"smoke: GET /health returns backend heartbeat"},{"ancestorTitles":["Additional smoke coverage for non-primary API paths"],"duration":203,"failing":false,"failureDetails":[],"failureMessages":[],"fullName":"Additional smoke coverage for non-primary API paths smoke: POST /api/alternatives returns 3 contract-shaped alternatives","invocations":1,"location":null,"numPassingAsserts":4,"retryReasons":[],"startAt":1776548615628,"status":"passed","title":"smoke: POST /api/alternatives returns 3 contract-shaped alternatives"},{"ancestorTitles":["Additional smoke coverage for non-primary API paths"],"duration":185,"failing":false,"failureDetails":[],"failureMessages":[],"fullName":"Additional smoke coverage for non-primary API paths smoke: POST /api/meal-plan returns at least one contract-shaped meal","invocations":1,"location":null,"numPassingAsserts":4,"retryReasons":[],"startAt":1776548615832,"status":"passed","title":"smoke: POST /api/meal-plan returns at least one contract-shaped meal"},{"ancestorTitles":["Additional smoke coverage for non-primary API paths"],"duration":185,"failing":false,"failureDetails":[],"failureMessages":[],"fullName":"Additional smoke coverage for non-primary API paths smoke: POST /api/profile/ocr rejects requests missing multipart image field","invocations":1,"location":null,"numPassingAsserts":2,"retryReasons":[],"startAt":1776548616017,"status":"passed","title":"smoke: POST /api/profile/ocr rejects requests missing multipart image field"},{"ancestorTitles":["Additional smoke coverage for non-primary API paths"],"duration":1031,"failing":false,"failureDetails":[],"failureMessages":[],"fullName":"Additional smoke coverage for non-primary API paths smoke: POST /api/profile/ocr accepts fixture image and returns OCR text","invocations":1,"location":null,"numPassingAsserts":3,"retryReasons":[],"startAt":1776548616203,"status":"passed","title":"smoke: POST /api/profile/ocr accepts fixture image and returns OCR text"}],"endTime":1776548617235,"message":"","name":"C:\\Users\\Aditya\\Desktop\\Reality Shift\\snapon_lense\\shelvesense-server\\tests\\server\\uncovered-paths.smoke.integration.test.ts","startTime":1776548615226,"status":"passed","summary":""},{"assertionResults":[{"ancestorTitles":["POST /api/cart/update and session behavior"],"duration":191,"failing":false,"failureDetails":[],"failureMessages":[],"fullName":"POST /api/cart/update and session behavior accepts cart: null and initializes cart state without crashing","invocations":1,"location":null,"numPassingAsserts":3,"retryReasons":[],"startAt":1776548617356,"status":"passed","title":"accepts cart: null and initializes cart state without crashing"},{"ancestorTitles":["POST /api/cart/update and session behavior"],"duration":202,"failing":false,"failureDetails":[],"failureMessages":[],"fullName":"POST /api/cart/update and session behavior accumulates items when latestItem is Avoid with ingredient flags and updates summary on subsequent call","invocations":1,"location":null,"numPassingAsserts":7,"retryReasons":[],"startAt":1776548617548,"status":"passed","title":"accumulates items when latestItem is Avoid with ingredient flags and updates summary on subsequent call"},{"ancestorTitles":["POST /api/cart/update and session behavior"],"duration":173,"failing":false,"failureDetails":[],"failureMessages":[],"fullName":"POST /api/cart/update and session behavior rejects missing latestItem with structured validation error","invocations":1,"location":null,"numPassingAsserts":2,"retryReasons":[],"startAt":1776548617750,"status":"passed","title":"rejects missing latestItem with structured validation error"},{"ancestorTitles":["POST /api/cart/update and session behavior"],"duration":177,"failing":false,"failureDetails":[],"failureMessages":[],"fullName":"POST /api/cart/update and session behavior creates first cart entry cleanly for a fresh session with no prior cart entries","invocations":1,"location":null,"numPassingAsserts":4,"retryReasons":[],"startAt":1776548617923,"status":"passed","title":"creates first cart entry cleanly for a fresh session with no prior cart entries"},{"ancestorTitles":["POST /api/cart/update and session behavior"],"duration":165,"failing":false,"failureDetails":[],"failureMessages":[],"fullName":"POST /api/cart/update and session behavior returns x-shelvesense-session header when request omits session header","invocations":1,"location":null,"numPassingAsserts":3,"retryReasons":[],"startAt":1776548618101,"status":"passed","title":"returns x-shelvesense-session header when request omits session header"},{"ancestorTitles":["POST /api/cart/update and session behavior"],"duration":159,"failing":false,"failureDetails":[],"failureMessages":[],"fullName":"POST /api/cart/update and session behavior handles unknown session IDs without crashing and returns fresh default state","invocations":1,"location":null,"numPassingAsserts":2,"retryReasons":[],"startAt":1776548618266,"status":"passed","title":"handles unknown session IDs without crashing and returns fresh default state"},{"ancestorTitles":["POST /api/cart/update and session behavior"],"duration":199,"failing":false,"failureDetails":[],"failureMessages":[],"fullName":"POST /api/cart/update and session behavior BUG: preserves both concurrent cart updates on the same session without dropping one write","invocations":1,"location":null,"numPassingAsserts":4,"retryReasons":[],"startAt":1776548618426,"status":"passed","title":"BUG: preserves both concurrent cart updates on the same session without dropping one write"}],"endTime":1776548618627,"message":"","name":"C:\\Users\\Aditya\\Desktop\\Reality Shift\\snapon_lense\\shelvesense-server\\tests\\server\\cart-session.integration.test.ts","startTime":1776548617249,"status":"passed","summary":""},{"assertionResults":[{"ancestorTitles":["POST /api/speech integration"],"duration":192,"failing":false,"failureDetails":[],"failureMessages":[],"fullName":"POST /api/speech integration returns stable response shape with either MP3 bytes or browser_tts_hint fallback","invocations":1,"location":null,"numPassingAsserts":5,"retryReasons":[],"startAt":1776548618794,"status":"passed","title":"returns stable response shape with either MP3 bytes or browser_tts_hint fallback"},{"ancestorTitles":["POST /api/speech integration"],"duration":185,"failing":false,"failureDetails":[],"failureMessages":[],"fullName":"POST /api/speech integration rejects empty text and never invokes TTS provider code path","invocations":1,"location":null,"numPassingAsserts":3,"retryReasons":[],"startAt":1776548618986,"status":"passed","title":"rejects empty text and never invokes TTS provider code path"},{"ancestorTitles":["POST /api/speech integration"],"duration":183,"failing":false,"failureDetails":[],"failureMessages":[],"fullName":"POST /api/speech integration rejects null text with a structured 400 response","invocations":1,"location":null,"numPassingAsserts":2,"retryReasons":[],"startAt":1776548619171,"status":"passed","title":"rejects null text with a structured 400 response"},{"ancestorTitles":["POST /api/speech integration"],"duration":184,"failing":false,"failureDetails":[],"failureMessages":[],"fullName":"POST /api/speech integration falls back to browser_tts_hint when edge-tts throws a 403/network error","invocations":1,"location":null,"numPassingAsserts":3,"retryReasons":[],"startAt":1776548619355,"status":"passed","title":"falls back to browser_tts_hint when edge-tts throws a 403/network error"},{"ancestorTitles":["POST /api/speech integration"],"duration":199,"failing":false,"failureDetails":[],"failureMessages":[],"fullName":"POST /api/speech integration returns browser_tts_hint immediately when TTS_ENGINE=off","invocations":1,"location":null,"numPassingAsserts":3,"retryReasons":[],"startAt":1776548619540,"status":"passed","title":"returns browser_tts_hint immediately when TTS_ENGINE=off"},{"ancestorTitles":["POST /api/speech integration"],"duration":206,"failing":false,"failureDetails":[],"failureMessages":[],"fullName":"POST /api/speech integration keeps fallback contract exactly aligned with lens expectation: browser_tts_hint + empty audio bytes","invocations":1,"location":null,"numPassingAsserts":5,"retryReasons":[],"startAt":1776548619740,"status":"passed","title":"keeps fallback contract exactly aligned with lens expectation: browser_tts_hint + empty audio bytes"}],"endTime":1776548619947,"message":"","name":"C:\\Users\\Aditya\\Desktop\\Reality Shift\\snapon_lense\\shelvesense-server\\tests\\server\\speech.integration.test.ts","startTime":1776548618663,"status":"passed","summary":""},{"assertionResults":[{"ancestorTitles":["lens network.ts retry/backoff"],"duration":8,"failing":false,"failureDetails":[],"failureMessages":[],"fullName":"lens network.ts retry/backoff retries twice and succeeds on the third attempt","invocations":1,"location":null,"numPassingAsserts":5,"retryReasons":[],"startAt":1776548620015,"status":"passed","title":"retries twice and succeeds on the third attempt"},{"ancestorTitles":["lens network.ts retry/backoff"],"duration":2,"failing":false,"failureDetails":[],"failureMessages":[],"fullName":"lens network.ts retry/backoff returns a structured HTTP error after all retries are exhausted","invocations":1,"location":null,"numPassingAsserts":3,"retryReasons":[],"startAt":1776548620024,"status":"passed","title":"returns a structured HTTP error after all retries are exhausted"},{"ancestorTitles":["lens network.ts retry/backoff"],"duration":68,"failing":false,"failureDetails":[],"failureMessages":[],"fullName":"lens network.ts retry/backoff BUG: enforces timeout for never-resolving fetch instead of hanging indefinitely","invocations":1,"location":null,"numPassingAsserts":1,"retryReasons":[],"startAt":1776548620026,"status":"passed","title":"BUG: enforces timeout for never-resolving fetch instead of hanging indefinitely"}],"endTime":1776548620095,"message":"","name":"C:\\Users\\Aditya\\Desktop\\Reality Shift\\snapon_lense\\shelvesense-server\\tests\\lens\\network.test.ts","startTime":1776548619958,"status":"passed","summary":""},{"assertionResults":[{"ancestorTitles":["ShelfSenseAgent init guards and audio fallback behavior (Node stubs)"],"duration":2,"failing":false,"failureDetails":[],"failureMessages":[],"fullName":"ShelfSenseAgent init guards and audio fallback behavior (Node stubs) when cameraModule is null it logs explicit init guidance and does not touch camera/network APIs","invocations":1,"location":null,"numPassingAsserts":3,"retryReasons":[],"startAt":1776548620179,"status":"passed","title":"when cameraModule is null it logs explicit init guidance and does not touch camera/network APIs"},{"ancestorTitles":["ShelfSenseAgent init guards and audio fallback behavior (Node stubs)"],"duration":1,"failing":false,"failureDetails":[],"failureMessages":[],"fullName":"ShelfSenseAgent init guards and audio fallback behavior (Node stubs) when remoteService is null it logs explicit init guidance and does not touch camera/network APIs","invocations":1,"location":null,"numPassingAsserts":3,"retryReasons":[],"startAt":1776548620181,"status":"passed","title":"when remoteService is null it logs explicit init guidance and does not touch camera/network APIs"},{"ancestorTitles":["ShelfSenseAgent init guards and audio fallback behavior (Node stubs)"],"duration":1,"failing":false,"failureDetails":[],"failureMessages":[],"fullName":"ShelfSenseAgent init guards and audio fallback behavior (Node stubs) when remoteMedia is null it logs explicit init guidance and does not touch camera/network APIs","invocations":1,"location":null,"numPassingAsserts":3,"retryReasons":[],"startAt":1776548620182,"status":"passed","title":"when remoteMedia is null it logs explicit init guidance and does not touch camera/network APIs"},{"ancestorTitles":["ShelfSenseAgent init guards and audio fallback behavior (Node stubs)"],"duration":1,"failing":false,"failureDetails":[],"failureMessages":[],"fullName":"ShelfSenseAgent init guards and audio fallback behavior (Node stubs) when audioPlayer is null it logs explicit init guidance and does not touch camera/network APIs","invocations":1,"location":null,"numPassingAsserts":3,"retryReasons":[],"startAt":1776548620183,"status":"passed","title":"when audioPlayer is null it logs explicit init guidance and does not touch camera/network APIs"},{"ancestorTitles":["ShelfSenseAgent init guards and audio fallback behavior (Node stubs)"],"duration":1,"failing":false,"failureDetails":[],"failureMessages":[],"fullName":"ShelfSenseAgent init guards and audio fallback behavior (Node stubs) when pinchInteractor is null it logs explicit init guidance and does not touch camera/network APIs","invocations":1,"location":null,"numPassingAsserts":3,"retryReasons":[],"startAt":1776548620184,"status":"passed","title":"when pinchInteractor is null it logs explicit init guidance and does not touch camera/network APIs"},{"ancestorTitles":["ShelfSenseAgent init guards and audio fallback behavior (Node stubs)"],"duration":1,"failing":false,"failureDetails":[],"failureMessages":[],"fullName":"ShelfSenseAgent init guards and audio fallback behavior (Node stubs) logs explicit apiBaseUrl validation message when URL is empty/too short","invocations":1,"location":null,"numPassingAsserts":3,"retryReasons":[],"startAt":1776548620185,"status":"passed","title":"logs explicit apiBaseUrl validation message when URL is empty/too short"},{"ancestorTitles":["ShelfSenseAgent init guards and audio fallback behavior (Node stubs)"],"duration":1,"failing":false,"failureDetails":[],"failureMessages":[],"fullName":"ShelfSenseAgent init guards and audio fallback behavior (Node stubs) skips decode/play when speech payload is fallback browser_tts_hint with empty audio bytes","invocations":1,"location":null,"numPassingAsserts":3,"retryReasons":[],"startAt":1776548620186,"status":"passed","title":"skips decode/play when speech payload is fallback browser_tts_hint with empty audio bytes"},{"ancestorTitles":["ShelfSenseAgent init guards and audio fallback behavior (Node stubs)"],"duration":2,"failing":false,"failureDetails":[],"failureMessages":[],"fullName":"ShelfSenseAgent init guards and audio fallback behavior (Node stubs) handles RemoteMedia decode failure gracefully and keeps text-only flow alive","invocations":1,"location":null,"numPassingAsserts":4,"retryReasons":[],"startAt":1776548620187,"status":"passed","title":"handles RemoteMedia decode failure gracefully and keeps text-only flow alive"}],"endTime":1776548620190,"message":"","name":"C:\\Users\\Aditya\\Desktop\\Reality Shift\\snapon_lense\\shelvesense-server\\tests\\lens\\shelf-sense-agent.test.ts","startTime":1776548620103,"status":"passed","summary":""},{"assertionResults":[{"ancestorTitles":["lens resultRenderer.ts"],"duration":1,"failing":false,"failureDetails":[],"failureMessages":[],"fullName":"lens resultRenderer.ts renders Safe headline with the configured Safe color","invocations":1,"location":null,"numPassingAsserts":5,"retryReasons":[],"startAt":1776548620253,"status":"passed","title":"renders Safe headline with the configured Safe color"},{"ancestorTitles":["lens resultRenderer.ts"],"duration":0,"failing":false,"failureDetails":[],"failureMessages":[],"fullName":"lens resultRenderer.ts renders Avoid verdict with non-empty headline/details/alternatives/cart text fields","invocations":1,"location":null,"numPassingAsserts":4,"retryReasons":[],"startAt":1776548620255,"status":"passed","title":"renders Avoid verdict with non-empty headline/details/alternatives/cart text fields"},{"ancestorTitles":["lens resultRenderer.ts"],"duration":0,"failing":false,"failureDetails":[],"failureMessages":[],"fullName":"lens resultRenderer.ts BUG: handles null alternatives field without crashing or rendering undefined text","invocations":1,"location":null,"numPassingAsserts":2,"retryReasons":[],"startAt":1776548620256,"status":"passed","title":"BUG: handles null alternatives field without crashing or rendering undefined text"},{"ancestorTitles":["lens resultRenderer.ts"],"duration":0,"failing":false,"failureDetails":[],"failureMessages":[],"fullName":"lens resultRenderer.ts BUG: falls back unknown verdict display to Caution instead of throwing or showing raw Unknown","invocations":1,"location":null,"numPassingAsserts":2,"retryReasons":[],"startAt":1776548620257,"status":"passed","title":"BUG: falls back unknown verdict display to Caution instead of throwing or showing raw Unknown"}],"endTime":1776548620258,"message":"","name":"C:\\Users\\Aditya\\Desktop\\Reality Shift\\snapon_lense\\shelvesense-server\\tests\\lens\\result-renderer.test.ts","startTime":1776548620198,"status":"passed","summary":""},{"assertionResults":[{"ancestorTitles":["lens scanStore.ts state isolation"],"duration":1,"failing":false,"failureDetails":[],"failureMessages":[],"fullName":"lens scanStore.ts state isolation starts scan N+1 from a clean pending state and clears scan N verdict data","invocations":1,"location":null,"numPassingAsserts":3,"retryReasons":[],"startAt":1776548620312,"status":"passed","title":"starts scan N+1 from a clean pending state and clears scan N verdict data"},{"ancestorTitles":["lens scanStore.ts state isolation"],"duration":0,"failing":false,"failureDetails":[],"failureMessages":[],"fullName":"lens scanStore.ts state isolation recovers from failed scan state back to idle so UI is not permanently stuck scanning","invocations":1,"location":null,"numPassingAsserts":2,"retryReasons":[],"startAt":1776548620314,"status":"passed","title":"recovers from failed scan state back to idle so UI is not permanently stuck scanning"}],"endTime":1776548620315,"message":"","name":"C:\\Users\\Aditya\\Desktop\\Reality Shift\\snapon_lense\\shelvesense-server\\tests\\lens\\scan-store.test.ts","startTime":1776548620264,"status":"passed","summary":""},{"assertionResults":[{"ancestorTitles":["lens cooldown.ts"],"duration":1,"failing":false,"failureDetails":[],"failureMessages":[],"fullName":"lens cooldown.ts blocks a second pinch inside the cooldown window","invocations":1,"location":null,"numPassingAsserts":2,"retryReasons":[],"startAt":1776548620372,"status":"passed","title":"blocks a second pinch inside the cooldown window"},{"ancestorTitles":["lens cooldown.ts"],"duration":0,"failing":false,"failureDetails":[],"failureMessages":[],"fullName":"lens cooldown.ts allows a new pinch once cooldown expires","invocations":1,"location":null,"numPassingAsserts":2,"retryReasons":[],"startAt":1776548620374,"status":"passed","title":"allows a new pinch once cooldown expires"}],"endTime":1776548620375,"message":"","name":"C:\\Users\\Aditya\\Desktop\\Reality Shift\\snapon_lense\\shelvesense-server\\tests\\lens\\cooldown.test.ts","startTime":1776548620321,"status":"passed","summary":""}],"wasInterrupted":false}
